{
  "0 debug pnpm:scope": {
    "selected": 1
  },
  "1 error pnpm": {
    "errno": 1,
    "code": "ELIFECYCLE",
    "pkgid": "book_reading_record_backend@",
    "stage": "start",
    "script": "nodemon app.js",
    "pkgname": "book_reading_record_backend",
    "err": {
      "name": "pnpm",
      "message": "book_reading_record_backend@ start: `nodemon app.js`\nExit status 1",
      "code": "ELIFECYCLE",
      "stack": "pnpm: book_reading_record_backend@ start: `nodemon app.js`\nExit status 1\n    at EventEmitter.<anonymous> (C:\\Users\\72994\\AppData\\Roaming\\nvm\\v16.15.0\\node_modules\\pnpm\\dist\\pnpm.cjs:106976:20)\n    at EventEmitter.emit (node:events:527:28)\n    at ChildProcess.<anonymous> (C:\\Users\\72994\\AppData\\Roaming\\nvm\\v16.15.0\\node_modules\\pnpm\\dist\\pnpm.cjs:93542:18)\n    at ChildProcess.emit (node:events:527:28)\n    at maybeClose (node:internal/child_process:1092:16)\n    at Process.ChildProcess._handle.onexit (node:internal/child_process:302:5)"
    }
  },
  "2 warn pnpm:global": " Local package.json exists, but node_modules missing, did you mean to install?"
}